<?xml version="1.0" encoding="UTF-8"?>
<!-- Generated by org.testng.reporters.JUnitReportReporter -->
<testsuite hostname="BDC6-DX-6BK6NK2" name="pom1.PageImplementation" tests="1" failures="0" timestamp="20 Nov 2019 06:43:36 GMT" time="24.942" errors="0">
  <testcase name="f" time="24.942" classname="pom1.PageImplementation"/>
</testsuite> <!-- pom1.PageImplementation -->
